0 info it worked if it ends with ok
1 verbose cli [ '/opt/node-v4.4.5-linux-x64/bin/node',
1 verbose cli   '/usr/local/bin/npm',
1 verbose cli   'run',
1 verbose cli   'build',
1 verbose cli   'dev' ]
2 info using npm@2.15.5
3 info using node@v4.4.5
4 verbose stack Error: missing script: build
4 verbose stack     at run (/opt/node-v4.4.5-linux-x64/lib/node_modules/npm/lib/run-script.js:142:19)
4 verbose stack     at /opt/node-v4.4.5-linux-x64/lib/node_modules/npm/lib/run-script.js:58:5
4 verbose stack     at /opt/node-v4.4.5-linux-x64/lib/node_modules/npm/node_modules/read-package-json/read-json.js:356:5
4 verbose stack     at checkBinReferences_ (/opt/node-v4.4.5-linux-x64/lib/node_modules/npm/node_modules/read-package-json/read-json.js:320:45)
4 verbose stack     at final (/opt/node-v4.4.5-linux-x64/lib/node_modules/npm/node_modules/read-package-json/read-json.js:354:3)
4 verbose stack     at then (/opt/node-v4.4.5-linux-x64/lib/node_modules/npm/node_modules/read-package-json/read-json.js:124:5)
4 verbose stack     at /opt/node-v4.4.5-linux-x64/lib/node_modules/npm/node_modules/read-package-json/read-json.js:311:12
4 verbose stack     at /opt/node-v4.4.5-linux-x64/lib/node_modules/npm/node_modules/graceful-fs/graceful-fs.js:78:16
4 verbose stack     at FSReqWrap.readFileAfterClose [as oncomplete] (fs.js:380:3)
5 verbose cwd /home/bren/git/iigb-beta-content
6 error Linux 4.6.4-1-ARCH
7 error argv "/opt/node-v4.4.5-linux-x64/bin/node" "/usr/local/bin/npm" "run" "build" "dev"
8 error node v4.4.5
9 error npm  v2.15.5
10 error missing script: build
11 error If you need help, you may report this error at:
11 error     <https://github.com/npm/npm/issues>
12 verbose exit [ 1, true ]
